[26-Jan-2015 14:46:38 Europe/Moscow] PHP Parse error:  syntax error, unexpected '[', expecting variable (T_VARIABLE) or '$' in C:\www\public\sdk\adm\my_profile\index.php on line 46
[26-Jan-2015 14:46:40 Europe/Moscow] PHP Parse error:  syntax error, unexpected '[', expecting variable (T_VARIABLE) or '$' in C:\www\public\sdk\adm\my_profile\index.php on line 46
[26-Jan-2015 14:47:15 Europe/Moscow] PHP Parse error:  syntax error, unexpected '[', expecting variable (T_VARIABLE) or '$' in C:\www\public\sdk\adm\my_profile\index.php on line 46
[26-Jan-2015 14:47:16 Europe/Moscow] PHP Parse error:  syntax error, unexpected '[', expecting variable (T_VARIABLE) or '$' in C:\www\public\sdk\adm\my_profile\index.php on line 46
[26-Jan-2015 14:47:17 Europe/Moscow] PHP Parse error:  syntax error, unexpected '[', expecting variable (T_VARIABLE) or '$' in C:\www\public\sdk\adm\my_profile\index.php on line 46
[26-Jan-2015 16:44:36 Europe/Moscow] PHP Parse error:  syntax error, unexpected '=' in C:\www\public\sdk\adm\my_profile\save_edit_profile_user_information.php on line 18
[28-Jan-2015 11:16:31 Europe/Moscow] PHP Warning:  require_once(./get_blocks_menu.php): failed to open stream: No such file or directory in C:\www\public\sdk\adm\my_profile\index.php on line 29
[28-Jan-2015 11:16:31 Europe/Moscow] PHP Fatal error:  require_once(): Failed opening required './get_blocks_menu.php' (include_path='.;C:\php\pear') in C:\www\public\sdk\adm\my_profile\index.php on line 29
[28-Jan-2015 11:17:30 Europe/Moscow] PHP Warning:  require_once(./get_blocks_menu.php): failed to open stream: No such file or directory in C:\www\public\sdk\adm\my_profile\index.php on line 29
[28-Jan-2015 11:17:30 Europe/Moscow] PHP Fatal error:  require_once(): Failed opening required './get_blocks_menu.php' (include_path='.;C:\php\pear') in C:\www\public\sdk\adm\my_profile\index.php on line 29
[28-Jan-2015 11:18:03 Europe/Moscow] PHP Warning:  require_once(./get_blocks_menu.php): failed to open stream: No such file or directory in C:\www\public\sdk\adm\my_profile\index.php on line 29
[28-Jan-2015 11:18:03 Europe/Moscow] PHP Fatal error:  require_once(): Failed opening required './get_blocks_menu.php' (include_path='.;C:\php\pear') in C:\www\public\sdk\adm\my_profile\index.php on line 29
[28-Jan-2015 11:18:42 Europe/Moscow] PHP Warning:  require_once(./get_blocks_menu.php): failed to open stream: No such file or directory in C:\www\public\sdk\adm\my_profile\index.php on line 29
[28-Jan-2015 11:18:42 Europe/Moscow] PHP Fatal error:  require_once(): Failed opening required './get_blocks_menu.php' (include_path='.;C:\php\pear') in C:\www\public\sdk\adm\my_profile\index.php on line 29
[28-Jan-2015 11:19:59 Europe/Moscow] PHP Warning:  require_once(./get_blocks_menu.php): failed to open stream: No such file or directory in C:\www\public\sdk\adm\my_profile\index.php on line 29
[28-Jan-2015 11:19:59 Europe/Moscow] PHP Fatal error:  require_once(): Failed opening required './get_blocks_menu.php' (include_path='.;C:\php\pear') in C:\www\public\sdk\adm\my_profile\index.php on line 29
[06-Feb-2015 23:13:03 Europe/Moscow] PHP Warning:  mysql_query(): You have an error in your SQL syntax; check the manual that corresponds to your MySQL server version for the right syntax to use near '' at line 1 in C:\www\public\sdk\adm\utils\authorized.php on line 63
[06-Feb-2015 23:17:10 Europe/Moscow] PHP Warning:  mysql_query(): You have an error in your SQL syntax; check the manual that corresponds to your MySQL server version for the right syntax to use near '' at line 1 in C:\www\public\sdk\adm\utils\authorized.php on line 63
[20-Feb-2015 09:37:14 Europe/Moscow] PHP Warning:  mysql_query(): You have an error in your SQL syntax; check the manual that corresponds to your MySQL server version for the right syntax to use near '' at line 1 in C:\www\public\sdk\adm\utils\authorized.php on line 63
[20-Feb-2015 09:38:01 Europe/Moscow] PHP Warning:  mysql_query(): You have an error in your SQL syntax; check the manual that corresponds to your MySQL server version for the right syntax to use near '' at line 1 in C:\www\public\sdk\adm\utils\authorized.php on line 63
